TN:
SF:02-ratelimitter.js
FNF:0
FNH:0
DA:1,1
DA:2,1
DA:3,1
DA:4,1
DA:5,1
DA:6,1
DA:7,1
DA:8,1
DA:9,1
DA:10,1
DA:11,1
DA:12,1
DA:13,1
DA:14,1
DA:15,1
DA:16,2
DA:17,1
DA:18,1
DA:19,1
DA:20,13
DA:21,13
DA:22,13
DA:23,13
DA:24,0
DA:25,0
DA:26,13
DA:27,13
DA:28,13
DA:29,2
DA:30,2
DA:31,13
DA:32,13
DA:33,13
DA:34,13
DA:35,13
DA:36,13
DA:37,7
DA:38,7
DA:39,6
DA:40,6
DA:41,6
DA:42,1
DA:43,1
DA:44,1
DA:45,1
DA:46,1
DA:47,6
DA:48,1
DA:49,1
DA:50,1
DA:51,0
DA:52,1
DA:53,1
DA:54,1
LF:54
LH:51
BRDA:15,0,0,2
BRDA:19,1,0,13
BRDA:23,2,0,0
BRDA:28,3,0,2
BRDA:36,4,0,7
BRDA:38,5,0,6
BRDA:46,6,0,6
BRF:7
BRH:6
end_of_record
